2016-05-20 19:32:20,583 WARN org.apache.hadoop.util.NativeCodeLoader: Unable to load native-hadoop library for your platform... using builtin-java classes where applicable
2016-05-20 19:32:21,163 INFO org.apache.hadoop.conf.Configuration.deprecation: session.id is deprecated. Instead, use dfs.metrics.session-id
2016-05-20 19:32:21,165 INFO org.apache.hadoop.metrics.jvm.JvmMetrics: Initializing JVM Metrics with processName=JobTracker, sessionId=
2016-05-20 19:32:21,400 WARN org.apache.hadoop.mapreduce.JobSubmitter: No job jar file set.  User classes may not be found. See Job or Job#setJar(String).
2016-05-20 19:32:21,442 INFO org.apache.hadoop.mapreduce.lib.input.FileInputFormat: Total input paths to process : 1
2016-05-20 19:32:21,562 INFO org.apache.hadoop.mapreduce.JobSubmitter: number of splits:1
2016-05-20 19:32:21,723 INFO org.apache.hadoop.mapreduce.JobSubmitter: Submitting tokens for job: job_local419252808_0001
2016-05-20 19:32:21,918 WARN org.apache.hadoop.conf.Configuration: file:/tmp/hadoop-root/mapred/staging/root419252808/.staging/job_local419252808_0001/job.xml:an attempt to override final parameter: mapreduce.job.end-notification.max.retry.interval;  Ignoring.
2016-05-20 19:32:21,935 WARN org.apache.hadoop.conf.Configuration: file:/tmp/hadoop-root/mapred/staging/root419252808/.staging/job_local419252808_0001/job.xml:an attempt to override final parameter: mapreduce.job.end-notification.max.attempts;  Ignoring.
2016-05-20 19:32:22,200 WARN org.apache.hadoop.conf.Configuration: file:/tmp/hadoop-root/mapred/local/localRunner/root/job_local419252808_0001/job_local419252808_0001.xml:an attempt to override final parameter: mapreduce.job.end-notification.max.retry.interval;  Ignoring.
2016-05-20 19:32:22,203 WARN org.apache.hadoop.conf.Configuration: file:/tmp/hadoop-root/mapred/local/localRunner/root/job_local419252808_0001/job_local419252808_0001.xml:an attempt to override final parameter: mapreduce.job.end-notification.max.attempts;  Ignoring.
2016-05-20 19:32:22,218 INFO org.apache.hadoop.mapreduce.Job: The url to track the job: http://localhost:8080/
2016-05-20 19:32:22,219 INFO org.apache.hadoop.mapreduce.Job: Running job: job_local419252808_0001
2016-05-20 19:32:22,221 INFO org.apache.hadoop.mapred.LocalJobRunner: OutputCommitter set in config null
2016-05-20 19:32:22,227 INFO org.apache.hadoop.mapred.LocalJobRunner: OutputCommitter is org.apache.hadoop.mapreduce.lib.output.FileOutputCommitter
2016-05-20 19:32:22,289 INFO org.apache.hadoop.mapred.LocalJobRunner: Waiting for map tasks
2016-05-20 19:32:22,291 INFO org.apache.hadoop.mapred.LocalJobRunner: Starting task: attempt_local419252808_0001_m_000000_0
2016-05-20 19:32:22,327 INFO org.apache.hadoop.mapred.Task:  Using ResourceCalculatorProcessTree : [ ]
2016-05-20 19:32:22,330 INFO org.apache.hadoop.mapred.MapTask: Processing split: hdfs://master:9000/data/seconddarysort.txt:0+75
2016-05-20 19:32:22,345 INFO org.apache.hadoop.mapred.MapTask: Map output collector class = org.apache.hadoop.mapred.MapTask$MapOutputBuffer
2016-05-20 19:32:22,411 INFO org.apache.hadoop.mapred.MapTask: (EQUATOR) 0 kvi 26214396(104857584)
2016-05-20 19:32:22,412 INFO org.apache.hadoop.mapred.MapTask: mapreduce.task.io.sort.mb: 100
2016-05-20 19:32:22,412 INFO org.apache.hadoop.mapred.MapTask: soft limit at 83886080
2016-05-20 19:32:22,412 INFO org.apache.hadoop.mapred.MapTask: bufstart = 0; bufvoid = 104857600
2016-05-20 19:32:22,412 INFO org.apache.hadoop.mapred.MapTask: kvstart = 26214396; length = 6553600
2016-05-20 19:32:22,473 INFO org.apache.hadoop.mapred.LocalJobRunner: 
2016-05-20 19:32:22,475 INFO org.apache.hadoop.mapred.MapTask: Starting flush of map output
2016-05-20 19:32:22,475 INFO org.apache.hadoop.mapred.MapTask: Spilling map output
2016-05-20 19:32:22,475 INFO org.apache.hadoop.mapred.MapTask: bufstart = 0; bufend = 117; bufvoid = 104857600
2016-05-20 19:32:22,476 INFO org.apache.hadoop.mapred.MapTask: kvstart = 26214396(104857584); kvend = 26214388(104857552); length = 9/6553600
2016-05-20 19:32:22,480 INFO org.apache.hadoop.mapred.MapTask: Finished spill 0
2016-05-20 19:32:22,483 INFO org.apache.hadoop.mapred.Task: Task:attempt_local419252808_0001_m_000000_0 is done. And is in the process of committing
2016-05-20 19:32:22,490 INFO org.apache.hadoop.mapred.LocalJobRunner: map
2016-05-20 19:32:22,490 INFO org.apache.hadoop.mapred.Task: Task 'attempt_local419252808_0001_m_000000_0' done.
2016-05-20 19:32:22,491 INFO org.apache.hadoop.mapred.LocalJobRunner: Finishing task: attempt_local419252808_0001_m_000000_0
2016-05-20 19:32:22,491 INFO org.apache.hadoop.mapred.LocalJobRunner: map task executor complete.
2016-05-20 19:32:22,493 INFO org.apache.hadoop.mapred.LocalJobRunner: Waiting for reduce tasks
2016-05-20 19:32:22,494 INFO org.apache.hadoop.mapred.LocalJobRunner: Starting task: attempt_local419252808_0001_r_000000_0
2016-05-20 19:32:22,499 INFO org.apache.hadoop.mapred.Task:  Using ResourceCalculatorProcessTree : [ ]
2016-05-20 19:32:22,502 INFO org.apache.hadoop.mapred.ReduceTask: Using ShuffleConsumerPlugin: org.apache.hadoop.mapreduce.task.reduce.Shuffle@3775d928
2016-05-20 19:32:22,512 INFO org.apache.hadoop.mapreduce.task.reduce.MergeManagerImpl: MergerManager: memoryLimit=664227008, maxSingleShuffleLimit=166056752, mergeThreshold=438389856, ioSortFactor=10, memToMemMergeOutputsThreshold=10
2016-05-20 19:32:22,514 INFO org.apache.hadoop.mapreduce.task.reduce.EventFetcher: attempt_local419252808_0001_r_000000_0 Thread started: EventFetcher for fetching Map Completion Events
2016-05-20 19:32:22,547 INFO org.apache.hadoop.mapreduce.task.reduce.LocalFetcher: localfetcher#1 about to shuffle output of map attempt_local419252808_0001_m_000000_0 decomp: 125 len: 129 to MEMORY
2016-05-20 19:32:22,551 INFO org.apache.hadoop.mapreduce.task.reduce.InMemoryMapOutput: Read 125 bytes from map-output for attempt_local419252808_0001_m_000000_0
2016-05-20 19:32:22,555 INFO org.apache.hadoop.mapreduce.task.reduce.MergeManagerImpl: closeInMemoryFile -> map-output of size: 125, inMemoryMapOutputs.size() -> 1, commitMemory -> 0, usedMemory ->125
2016-05-20 19:32:22,561 INFO org.apache.hadoop.mapreduce.task.reduce.EventFetcher: EventFetcher is interrupted.. Returning
2016-05-20 19:32:22,562 INFO org.apache.hadoop.mapred.LocalJobRunner: 1 / 1 copied.
2016-05-20 19:32:22,562 INFO org.apache.hadoop.mapreduce.task.reduce.MergeManagerImpl: finalMerge called with 1 in-memory map-outputs and 0 on-disk map-outputs
2016-05-20 19:32:22,567 INFO org.apache.hadoop.mapred.Merger: Merging 1 sorted segments
2016-05-20 19:32:22,567 INFO org.apache.hadoop.mapred.Merger: Down to the last merge-pass, with 1 segments left of total size: 109 bytes
2016-05-20 19:32:22,569 INFO org.apache.hadoop.mapreduce.task.reduce.MergeManagerImpl: Merged 1 segments, 125 bytes to disk to satisfy reduce memory limit
2016-05-20 19:32:22,570 INFO org.apache.hadoop.mapreduce.task.reduce.MergeManagerImpl: Merging 1 files, 129 bytes from disk
2016-05-20 19:32:22,570 INFO org.apache.hadoop.mapreduce.task.reduce.MergeManagerImpl: Merging 0 segments, 0 bytes from memory into reduce
2016-05-20 19:32:22,571 INFO org.apache.hadoop.mapred.Merger: Merging 1 sorted segments
2016-05-20 19:32:22,572 INFO org.apache.hadoop.mapred.Merger: Down to the last merge-pass, with 1 segments left of total size: 109 bytes
2016-05-20 19:32:22,572 INFO org.apache.hadoop.mapred.LocalJobRunner: 1 / 1 copied.
2016-05-20 19:32:22,588 INFO org.apache.hadoop.conf.Configuration.deprecation: mapred.skip.on is deprecated. Instead, use mapreduce.job.skiprecords
2016-05-20 19:32:22,728 INFO org.apache.hadoop.mapred.Task: Task:attempt_local419252808_0001_r_000000_0 is done. And is in the process of committing
2016-05-20 19:32:22,730 INFO org.apache.hadoop.mapred.LocalJobRunner: 1 / 1 copied.
2016-05-20 19:32:22,730 INFO org.apache.hadoop.mapred.Task: Task attempt_local419252808_0001_r_000000_0 is allowed to commit now
2016-05-20 19:32:22,745 INFO org.apache.hadoop.mapreduce.lib.output.FileOutputCommitter: Saved output of task 'attempt_local419252808_0001_r_000000_0' to hdfs://master:9000/output/hy/_temporary/0/task_local419252808_0001_r_000000
2016-05-20 19:32:22,746 INFO org.apache.hadoop.mapred.LocalJobRunner: reduce > reduce
2016-05-20 19:32:22,746 INFO org.apache.hadoop.mapred.Task: Task 'attempt_local419252808_0001_r_000000_0' done.
2016-05-20 19:32:22,746 INFO org.apache.hadoop.mapred.LocalJobRunner: Finishing task: attempt_local419252808_0001_r_000000_0
2016-05-20 19:32:22,747 INFO org.apache.hadoop.mapred.LocalJobRunner: reduce task executor complete.
2016-05-20 19:32:23,221 INFO org.apache.hadoop.mapreduce.Job: Job job_local419252808_0001 running in uber mode : false
2016-05-20 19:32:23,222 INFO org.apache.hadoop.mapreduce.Job:  map 100% reduce 100%
2016-05-20 19:32:23,223 INFO org.apache.hadoop.mapreduce.Job: Job job_local419252808_0001 completed successfully
2016-05-20 19:32:23,234 INFO org.apache.hadoop.mapreduce.Job: Counters: 38
	File System Counters
		FILE: Number of bytes read=606
		FILE: Number of bytes written=456351
		FILE: Number of read operations=0
		FILE: Number of large read operations=0
		FILE: Number of write operations=0
		HDFS: Number of bytes read=150
		HDFS: Number of bytes written=117
		HDFS: Number of read operations=13
		HDFS: Number of large read operations=0
		HDFS: Number of write operations=4
	Map-Reduce Framework
		Map input records=3
		Map output records=3
		Map output bytes=117
		Map output materialized bytes=129
		Input split bytes=107
		Combine input records=0
		Combine output records=0
		Reduce input groups=3
		Reduce shuffle bytes=129
		Reduce input records=3
		Reduce output records=3
		Spilled Records=6
		Shuffled Maps =1
		Failed Shuffles=0
		Merged Map outputs=1
		GC time elapsed (ms)=0
		CPU time spent (ms)=0
		Physical memory (bytes) snapshot=0
		Virtual memory (bytes) snapshot=0
		Total committed heap usage (bytes)=438042624
	Shuffle Errors
		BAD_ID=0
		CONNECTION=0
		IO_ERROR=0
		WRONG_LENGTH=0
		WRONG_MAP=0
		WRONG_REDUCE=0
	File Input Format Counters 
		Bytes Read=75
	File Output Format Counters 
		Bytes Written=117
2016-05-20 19:35:01,598 WARN org.apache.hadoop.util.NativeCodeLoader: Unable to load native-hadoop library for your platform... using builtin-java classes where applicable
2016-05-20 19:35:02,126 INFO org.apache.hadoop.conf.Configuration.deprecation: session.id is deprecated. Instead, use dfs.metrics.session-id
2016-05-20 19:35:02,127 INFO org.apache.hadoop.metrics.jvm.JvmMetrics: Initializing JVM Metrics with processName=JobTracker, sessionId=
2016-05-20 19:35:02,331 WARN org.apache.hadoop.mapreduce.JobSubmitter: No job jar file set.  User classes may not be found. See Job or Job#setJar(String).
2016-05-20 19:35:02,367 INFO org.apache.hadoop.mapreduce.lib.input.FileInputFormat: Total input paths to process : 1
2016-05-20 19:35:02,441 INFO org.apache.hadoop.mapreduce.JobSubmitter: number of splits:1
2016-05-20 19:35:02,571 INFO org.apache.hadoop.mapreduce.JobSubmitter: Submitting tokens for job: job_local1385084374_0001
2016-05-20 19:35:02,650 WARN org.apache.hadoop.conf.Configuration: file:/tmp/hadoop-root/mapred/staging/root1385084374/.staging/job_local1385084374_0001/job.xml:an attempt to override final parameter: mapreduce.job.end-notification.max.retry.interval;  Ignoring.
2016-05-20 19:35:02,661 WARN org.apache.hadoop.conf.Configuration: file:/tmp/hadoop-root/mapred/staging/root1385084374/.staging/job_local1385084374_0001/job.xml:an attempt to override final parameter: mapreduce.job.end-notification.max.attempts;  Ignoring.
2016-05-20 19:35:03,009 WARN org.apache.hadoop.conf.Configuration: file:/tmp/hadoop-root/mapred/local/localRunner/root/job_local1385084374_0001/job_local1385084374_0001.xml:an attempt to override final parameter: mapreduce.job.end-notification.max.retry.interval;  Ignoring.
2016-05-20 19:35:03,017 WARN org.apache.hadoop.conf.Configuration: file:/tmp/hadoop-root/mapred/local/localRunner/root/job_local1385084374_0001/job_local1385084374_0001.xml:an attempt to override final parameter: mapreduce.job.end-notification.max.attempts;  Ignoring.
2016-05-20 19:35:03,024 INFO org.apache.hadoop.mapreduce.Job: The url to track the job: http://localhost:8080/
2016-05-20 19:35:03,025 INFO org.apache.hadoop.mapreduce.Job: Running job: job_local1385084374_0001
2016-05-20 19:35:03,035 INFO org.apache.hadoop.mapred.LocalJobRunner: OutputCommitter set in config null
2016-05-20 19:35:03,042 INFO org.apache.hadoop.mapred.LocalJobRunner: OutputCommitter is org.apache.hadoop.mapreduce.lib.output.FileOutputCommitter
2016-05-20 19:35:03,149 INFO org.apache.hadoop.mapred.LocalJobRunner: Waiting for map tasks
2016-05-20 19:35:03,160 INFO org.apache.hadoop.mapred.LocalJobRunner: Starting task: attempt_local1385084374_0001_m_000000_0
2016-05-20 19:35:03,213 INFO org.apache.hadoop.mapred.Task:  Using ResourceCalculatorProcessTree : [ ]
2016-05-20 19:35:03,216 INFO org.apache.hadoop.mapred.MapTask: Processing split: hdfs://master:9000/data/seconddarysort.txt:0+75
2016-05-20 19:35:03,228 INFO org.apache.hadoop.mapred.MapTask: Map output collector class = org.apache.hadoop.mapred.MapTask$MapOutputBuffer
2016-05-20 19:35:03,282 INFO org.apache.hadoop.mapred.MapTask: (EQUATOR) 0 kvi 26214396(104857584)
2016-05-20 19:35:03,282 INFO org.apache.hadoop.mapred.MapTask: mapreduce.task.io.sort.mb: 100
2016-05-20 19:35:03,282 INFO org.apache.hadoop.mapred.MapTask: soft limit at 83886080
2016-05-20 19:35:03,282 INFO org.apache.hadoop.mapred.MapTask: bufstart = 0; bufvoid = 104857600
2016-05-20 19:35:03,282 INFO org.apache.hadoop.mapred.MapTask: kvstart = 26214396; length = 6553600
2016-05-20 19:35:03,371 INFO org.apache.hadoop.mapred.LocalJobRunner: 
2016-05-20 19:35:03,373 INFO org.apache.hadoop.mapred.MapTask: Starting flush of map output
2016-05-20 19:35:03,373 INFO org.apache.hadoop.mapred.MapTask: Spilling map output
2016-05-20 19:35:03,373 INFO org.apache.hadoop.mapred.MapTask: bufstart = 0; bufend = 117; bufvoid = 104857600
2016-05-20 19:35:03,373 INFO org.apache.hadoop.mapred.MapTask: kvstart = 26214396(104857584); kvend = 26214388(104857552); length = 9/6553600
2016-05-20 19:35:03,380 INFO org.apache.hadoop.mapred.MapTask: Finished spill 0
2016-05-20 19:35:03,382 INFO org.apache.hadoop.mapred.Task: Task:attempt_local1385084374_0001_m_000000_0 is done. And is in the process of committing
2016-05-20 19:35:03,392 INFO org.apache.hadoop.mapred.LocalJobRunner: map
2016-05-20 19:35:03,393 INFO org.apache.hadoop.mapred.Task: Task 'attempt_local1385084374_0001_m_000000_0' done.
2016-05-20 19:35:03,393 INFO org.apache.hadoop.mapred.LocalJobRunner: Finishing task: attempt_local1385084374_0001_m_000000_0
2016-05-20 19:35:03,393 INFO org.apache.hadoop.mapred.LocalJobRunner: map task executor complete.
2016-05-20 19:35:03,396 INFO org.apache.hadoop.mapred.LocalJobRunner: Waiting for reduce tasks
2016-05-20 19:35:03,397 INFO org.apache.hadoop.mapred.LocalJobRunner: Starting task: attempt_local1385084374_0001_r_000000_0
2016-05-20 19:35:03,413 INFO org.apache.hadoop.mapred.Task:  Using ResourceCalculatorProcessTree : [ ]
2016-05-20 19:35:03,415 INFO org.apache.hadoop.mapred.ReduceTask: Using ShuffleConsumerPlugin: org.apache.hadoop.mapreduce.task.reduce.Shuffle@e7740f6
2016-05-20 19:35:03,427 INFO org.apache.hadoop.mapreduce.task.reduce.MergeManagerImpl: MergerManager: memoryLimit=664227008, maxSingleShuffleLimit=166056752, mergeThreshold=438389856, ioSortFactor=10, memToMemMergeOutputsThreshold=10
2016-05-20 19:35:03,448 INFO org.apache.hadoop.mapreduce.task.reduce.EventFetcher: attempt_local1385084374_0001_r_000000_0 Thread started: EventFetcher for fetching Map Completion Events
2016-05-20 19:35:03,473 INFO org.apache.hadoop.mapreduce.task.reduce.LocalFetcher: localfetcher#1 about to shuffle output of map attempt_local1385084374_0001_m_000000_0 decomp: 125 len: 129 to MEMORY
2016-05-20 19:35:03,476 INFO org.apache.hadoop.mapreduce.task.reduce.InMemoryMapOutput: Read 125 bytes from map-output for attempt_local1385084374_0001_m_000000_0
2016-05-20 19:35:03,480 INFO org.apache.hadoop.mapreduce.task.reduce.MergeManagerImpl: closeInMemoryFile -> map-output of size: 125, inMemoryMapOutputs.size() -> 1, commitMemory -> 0, usedMemory ->125
2016-05-20 19:35:03,481 INFO org.apache.hadoop.mapreduce.task.reduce.EventFetcher: EventFetcher is interrupted.. Returning
2016-05-20 19:35:03,486 INFO org.apache.hadoop.mapred.LocalJobRunner: 1 / 1 copied.
2016-05-20 19:35:03,486 INFO org.apache.hadoop.mapreduce.task.reduce.MergeManagerImpl: finalMerge called with 1 in-memory map-outputs and 0 on-disk map-outputs
2016-05-20 19:35:03,497 INFO org.apache.hadoop.mapred.Merger: Merging 1 sorted segments
2016-05-20 19:35:03,497 INFO org.apache.hadoop.mapred.Merger: Down to the last merge-pass, with 1 segments left of total size: 109 bytes
2016-05-20 19:35:03,499 INFO org.apache.hadoop.mapreduce.task.reduce.MergeManagerImpl: Merged 1 segments, 125 bytes to disk to satisfy reduce memory limit
2016-05-20 19:35:03,501 INFO org.apache.hadoop.mapreduce.task.reduce.MergeManagerImpl: Merging 1 files, 129 bytes from disk
2016-05-20 19:35:03,502 INFO org.apache.hadoop.mapreduce.task.reduce.MergeManagerImpl: Merging 0 segments, 0 bytes from memory into reduce
2016-05-20 19:35:03,502 INFO org.apache.hadoop.mapred.Merger: Merging 1 sorted segments
2016-05-20 19:35:03,503 INFO org.apache.hadoop.mapred.Merger: Down to the last merge-pass, with 1 segments left of total size: 109 bytes
2016-05-20 19:35:03,503 INFO org.apache.hadoop.mapred.LocalJobRunner: 1 / 1 copied.
2016-05-20 19:35:03,555 INFO org.apache.hadoop.conf.Configuration.deprecation: mapred.skip.on is deprecated. Instead, use mapreduce.job.skiprecords
2016-05-20 19:35:03,698 INFO org.apache.hadoop.mapred.Task: Task:attempt_local1385084374_0001_r_000000_0 is done. And is in the process of committing
2016-05-20 19:35:03,701 INFO org.apache.hadoop.mapred.LocalJobRunner: 1 / 1 copied.
2016-05-20 19:35:03,701 INFO org.apache.hadoop.mapred.Task: Task attempt_local1385084374_0001_r_000000_0 is allowed to commit now
2016-05-20 19:35:03,734 INFO org.apache.hadoop.mapreduce.lib.output.FileOutputCommitter: Saved output of task 'attempt_local1385084374_0001_r_000000_0' to hdfs://master:9000/output/hy1/_temporary/0/task_local1385084374_0001_r_000000
2016-05-20 19:35:03,736 INFO org.apache.hadoop.mapred.LocalJobRunner: reduce > reduce
2016-05-20 19:35:03,736 INFO org.apache.hadoop.mapred.Task: Task 'attempt_local1385084374_0001_r_000000_0' done.
2016-05-20 19:35:03,737 INFO org.apache.hadoop.mapred.LocalJobRunner: Finishing task: attempt_local1385084374_0001_r_000000_0
2016-05-20 19:35:03,737 INFO org.apache.hadoop.mapred.LocalJobRunner: reduce task executor complete.
2016-05-20 19:35:04,027 INFO org.apache.hadoop.mapreduce.Job: Job job_local1385084374_0001 running in uber mode : false
2016-05-20 19:35:04,028 INFO org.apache.hadoop.mapreduce.Job:  map 100% reduce 100%
2016-05-20 19:35:04,029 INFO org.apache.hadoop.mapreduce.Job: Job job_local1385084374_0001 completed successfully
2016-05-20 19:35:04,044 INFO org.apache.hadoop.mapreduce.Job: Counters: 38
	File System Counters
		FILE: Number of bytes read=606
		FILE: Number of bytes written=461251
		FILE: Number of read operations=0
		FILE: Number of large read operations=0
		FILE: Number of write operations=0
		HDFS: Number of bytes read=150
		HDFS: Number of bytes written=117
		HDFS: Number of read operations=13
		HDFS: Number of large read operations=0
		HDFS: Number of write operations=4
	Map-Reduce Framework
		Map input records=3
		Map output records=3
		Map output bytes=117
		Map output materialized bytes=129
		Input split bytes=107
		Combine input records=0
		Combine output records=0
		Reduce input groups=1
		Reduce shuffle bytes=129
		Reduce input records=3
		Reduce output records=3
		Spilled Records=6
		Shuffled Maps =1
		Failed Shuffles=0
		Merged Map outputs=1
		GC time elapsed (ms)=0
		CPU time spent (ms)=0
		Physical memory (bytes) snapshot=0
		Virtual memory (bytes) snapshot=0
		Total committed heap usage (bytes)=438042624
	Shuffle Errors
		BAD_ID=0
		CONNECTION=0
		IO_ERROR=0
		WRONG_LENGTH=0
		WRONG_MAP=0
		WRONG_REDUCE=0
	File Input Format Counters 
		Bytes Read=75
	File Output Format Counters 
		Bytes Written=117
